<?xml version="1.0" encoding="UTF-8"?>
<!-- Generated by org.testng.reporters.JUnitReportReporter -->
<testsuite hostname="sayoghos" name="executionEngine.DriverScript" tests="1" failures="0" timestamp="20 Sep 2016 07:36:59 GMT" time="15.628" errors="0">
  <testcase name="main1" time="15.628" classname="executionEngine.DriverScript"/>
</testsuite> <!-- executionEngine.DriverScript -->
