<?xml version="1.0" encoding="UTF-8"?>
<!-- Generated by org.testng.reporters.JUnitReportReporter -->
<testsuite hostname="sayoghos" name="executionEngine.DriverScript" tests="1" failures="0" timestamp="21 Sep 2016 12:07:36 GMT" time="59.131" errors="0">
  <testcase name="main1" time="59.131" classname="executionEngine.DriverScript"/>
</testsuite> <!-- executionEngine.DriverScript -->
